# JRE version: OpenJDK Runtime Environment (11.0.8+10) (build 11.0.8+10-b944.6842174)
# Java VM: OpenJDK 64-Bit Server VM (11.0.8+10-b944.6842174, mixed mode, tiered, compressed oops, g1 gc, windows-amd64)
Heap:
 garbage-first heap   total 465920K, used 340760K [0x0000000080000000, 0x0000000100000000)
  region size 1024K, 181 young (185344K), 1 survivors (1024K)
 Metaspace       used 127389K, capacity 131418K, committed 131920K, reserved 1165312K
  class space    used 15184K, capacity 16527K, committed 16896K, reserved 1048576K
GC Heap History (20 events):
Event: 8842.420 GC heap before
{Heap before GC invocations=174 (full 0):
 garbage-first heap   total 465920K, used 202521K [0x0000000080000000, 0x0000000100000000)
  region size 1024K, 71 young (72704K), 2 survivors (2048K)
 Metaspace       used 127164K, capacity 131130K, committed 131664K, reserved 1165312K
  class space    used 15181K, capacity 16522K, committed 16896K, reserved 1048576K
}
Event: 8842.427 GC heap after
{Heap after GC invocations=175 (full 0):
 garbage-first heap   total 465920K, used 144959K [0x0000000080000000, 0x0000000100000000)
  region size 1024K, 13 young (13312K), 13 survivors (13312K)
 Metaspace       used 127164K, capacity 131130K, committed 131664K, reserved 1165312K
  class space    used 15181K, capacity 16522K, committed 16896K, reserved 1048576K
}
Event: 8842.827 GC heap before
{Heap before GC invocations=176 (full 0):
 garbage-first heap   total 465920K, used 316991K [0x0000000080000000, 0x0000000100000000)
  region size 1024K, 165 young (168960K), 13 survivors (13312K)
 Metaspace       used 127222K, capacity 131213K, committed 131664K, reserved 1165312K
  class space    used 15183K, capacity 16525K, committed 16896K, reserved 1048576K
}
Event: 8842.840 GC heap after
{Heap after GC invocations=177 (full 0):
 garbage-first heap   total 465920K, used 152499K [0x0000000080000000, 0x0000000100000000)
  region size 1024K, 18 young (18432K), 18 survivors (18432K)
 Metaspace       used 127222K, capacity 131213K, committed 131664K, reserved 1165312K
  class space    used 15183K, capacity 16525K, committed 16896K, reserved 1048576K
}
Event: 8842.845 GC heap before
{Heap before GC invocations=177 (full 0):
 garbage-first heap   total 465920K, used 155571K [0x0000000080000000, 0x0000000100000000)
  region size 1024K, 22 young (22528K), 18 survivors (18432K)
 Metaspace       used 127222K, capacity 131213K, committed 131664K, reserved 1165312K
  class space    used 15183K, capacity 16525K, committed 16896K, reserved 1048576K
}
Event: 8842.854 GC heap after
{Heap after GC invocations=178 (full 0):
 garbage-first heap   total 465920K, used 143954K [0x0000000080000000, 0x0000000100000000)
  region size 1024K, 3 young (3072K), 3 survivors (3072K)
 Metaspace       used 127222K, capacity 131213K, committed 131664K, reserved 1165312K
  class space    used 15183K, capacity 16525K, committed 16896K, reserved 1048576K
}
Event: 8843.042 GC heap before
{Heap before GC invocations=178 (full 0):
 garbage-first heap   total 465920K, used 214610K [0x0000000080000000, 0x0000000100000000)
  region size 1024K, 74 young (75776K), 3 survivors (3072K)
 Metaspace       used 127244K, capacity 131277K, committed 131664K, reserved 1165312K
  class space    used 15183K, capacity 16525K, committed 16896K, reserved 1048576K
}
Event: 8843.046 GC heap after
{Heap after GC invocations=179 (full 0):
 garbage-first heap   total 465920K, used 143061K [0x0000000080000000, 0x0000000100000000)
  region size 1024K, 2 young (2048K), 2 survivors (2048K)
 Metaspace       used 127244K, capacity 131277K, committed 131664K, reserved 1165312K
  class space    used 15183K, capacity 16525K, committed 16896K, reserved 1048576K
}
Event: 8907.037 GC heap before
{Heap before GC invocations=180 (full 0):
 garbage-first heap   total 465920K, used 314069K [0x0000000080000000, 0x0000000100000000)
  region size 1024K, 178 young (182272K), 2 survivors (2048K)
 Metaspace       used 127282K, capacity 131283K, committed 131664K, reserved 1165312K
  class space    used 15183K, capacity 16526K, committed 16896K, reserved 1048576K
}
Event: 8907.044 GC heap after
{Heap after GC invocations=181 (full 0):
 garbage-first heap   total 465920K, used 149620K [0x0000000080000000, 0x0000000100000000)
  region size 1024K, 19 young (19456K), 19 survivors (19456K)
 Metaspace       used 127282K, capacity 131283K, committed 131664K, reserved 1165312K
  class space    used 15183K, capacity 16526K, committed 16896K, reserved 1048576K
}
Event: 8907.055 GC heap before
{Heap before GC invocations=181 (full 0):
 garbage-first heap   total 465920K, used 152692K [0x0000000080000000, 0x0000000100000000)
  region size 1024K, 22 young (22528K), 19 survivors (19456K)
 Metaspace       used 127282K, capacity 131283K, committed 131664K, reserved 1165312K
  class space    used 15183K, capacity 16526K, committed 16896K, reserved 1048576K
}
Event: 8907.062 GC heap after
{Heap after GC invocations=182 (full 0):
 garbage-first heap   total 465920K, used 129941K [0x0000000080000000, 0x0000000100000000)
  region size 1024K, 2 young (2048K), 2 survivors (2048K)
 Metaspace       used 127282K, capacity 131283K, committed 131664K, reserved 1165312K
  class space    used 15183K, capacity 16526K, committed 16896K, reserved 1048576K
}
Event: 8907.074 GC heap before
{Heap before GC invocations=182 (full 0):
 garbage-first heap   total 465920K, used 133013K [0x0000000080000000, 0x0000000100000000)
  region size 1024K, 6 young (6144K), 2 survivors (2048K)
 Metaspace       used 127282K, capacity 131283K, committed 131664K, reserved 1165312K
  class space    used 15183K, capacity 16526K, committed 16896K, reserved 1048576K
}
Event: 8907.078 GC heap after
{Heap after GC invocations=183 (full 0):
 garbage-first heap   total 465920K, used 129788K [0x0000000080000000, 0x0000000100000000)
  region size 1024K, 2 young (2048K), 2 survivors (2048K)
 Metaspace       used 127282K, capacity 131283K, committed 131664K, reserved 1165312K
  class space    used 15183K, capacity 16526K, committed 16896K, reserved 1048576K
}
Event: 8907.491 GC heap before
{Heap before GC invocations=184 (full 0):
 garbage-first heap   total 465920K, used 355068K [0x0000000080000000, 0x0000000100000000)
  region size 1024K, 195 young (199680K), 2 survivors (2048K)
 Metaspace       used 127318K, capacity 131289K, committed 131664K, reserved 1165312K
  class space    used 15184K, capacity 16527K, committed 16896K, reserved 1048576K
}
Event: 8907.499 GC heap after
{Heap after GC invocations=185 (full 0):
 garbage-first heap   total 465920K, used 147341K [0x0000000080000000, 0x0000000100000000)
  region size 1024K, 18 young (18432K), 18 survivors (18432K)
 Metaspace       used 127318K, capacity 131289K, committed 131664K, reserved 1165312K
  class space    used 15184K, capacity 16527K, committed 16896K, reserved 1048576K
}
Event: 8907.505 GC heap before
{Heap before GC invocations=185 (full 0):
 garbage-first heap   total 465920K, used 150413K [0x0000000080000000, 0x0000000100000000)
  region size 1024K, 22 young (22528K), 18 survivors (18432K)
 Metaspace       used 127318K, capacity 131289K, committed 131664K, reserved 1165312K
  class space    used 15184K, capacity 16527K, committed 16896K, reserved 1048576K
}
Event: 8907.513 GC heap after
{Heap after GC invocations=186 (full 0):
 garbage-first heap   total 465920K, used 142319K [0x0000000080000000, 0x0000000100000000)
  region size 1024K, 3 young (3072K), 3 survivors (3072K)
 Metaspace       used 127318K, capacity 131289K, committed 131664K, reserved 1165312K
  class space    used 15184K, capacity 16527K, committed 16896K, reserved 1048576K
}
Event: 8907.643 GC heap before
{Heap before GC invocations=186 (full 0):
 garbage-first heap   total 465920K, used 163823K [0x0000000080000000, 0x0000000100000000)
  region size 1024K, 26 young (26624K), 3 survivors (3072K)
 Metaspace       used 127320K, capacity 131289K, committed 131664K, reserved 1165312K
  class space    used 15184K, capacity 16527K, committed 16896K, reserved 1048576K
}
Event: 8907.646 GC heap after
{Heap after GC invocations=187 (full 0):
 garbage-first heap   total 465920K, used 140549K [0x0000000080000000, 0x0000000100000000)
  region size 1024K, 1 young (1024K), 1 survivors (1024K)
 Metaspace       used 127320K, capacity 131289K, committed 131664K, reserved 1165312K
  class space    used 15184K, capacity 16527K, committed 16896K, reserved 1048576K
}

